<?xml version="1.0" encoding="UTF-8"?>
<testng-results ignored="0" total="1" passed="1" failed="0" skipped="0">
  <reporter-output>
  </reporter-output>
  <suite started-at="2025-11-28T13:13:32 IST" name="LoginSuite" finished-at="2025-11-28T13:13:34 IST" duration-ms="2610">
    <groups>
    </groups>
    <test started-at="2025-11-28T13:13:32 IST" name="LoginTests" finished-at="2025-11-28T13:13:34 IST" duration-ms="2610">
      <class name="tests.LoginPageTest">
        <test-method is-config="true" signature="setUp()[pri:0, instance:tests.LoginPageTest@1d296da]" started-at="2025-11-28T13:13:32 IST" name="setUp" finished-at="2025-11-28T13:13:34 IST" duration-ms="1757" status="PASS">
          <reporter-output>
          </reporter-output>
        </test-method> <!-- setUp -->
        <test-method signature="testvalidlogin()[pri:0, instance:tests.LoginPageTest@1d296da]" started-at="2025-11-28T13:13:34 IST" name="testvalidlogin" finished-at="2025-11-28T13:13:34 IST" duration-ms="825" status="PASS">
          <reporter-output>
          </reporter-output>
        </test-method> <!-- testvalidlogin -->
        <test-method is-config="true" signature="tearDown()[pri:0, instance:tests.LoginPageTest@1d296da]" started-at="2025-11-28T13:13:34 IST" name="tearDown" finished-at="2025-11-28T13:13:34 IST" duration-ms="0" status="PASS">
          <reporter-output>
          </reporter-output>
        </test-method> <!-- tearDown -->
      </class> <!-- tests.LoginPageTest -->
    </test> <!-- LoginTests -->
  </suite> <!-- LoginSuite -->
</testng-results>
